<?xml version="1.0" encoding="UTF-8"?>
<testsuite xmlns:xsi="http://www.w3.org/2001/XMLSchema-instance" xsi:noNamespaceSchemaLocation="https://maven.apache.org/surefire/maven-surefire-plugin/xsd/surefire-test-report.xsd" name="TestSuite" time="55.36" tests="5" errors="0" skipped="2" failures="3">
  <properties>
    <property name="java.specification.version" value="23"/>
    <property name="sun.jnu.encoding" value="UTF-8"/>
    <property name="java.class.path" value="/Users/adminjds/afteroffice/webautomationprisma/target/test-classes:/Users/adminjds/afteroffice/webautomationprisma/target/classes:/Users/adminjds/.m2/repository/org/seleniumhq/selenium/selenium-java/4.29.0/selenium-java-4.29.0.jar:/Users/adminjds/.m2/repository/org/seleniumhq/selenium/selenium-api/4.29.0/selenium-api-4.29.0.jar:/Users/adminjds/.m2/repository/org/jspecify/jspecify/1.0.0/jspecify-1.0.0.jar:/Users/adminjds/.m2/repository/org/seleniumhq/selenium/selenium-chrome-driver/4.29.0/selenium-chrome-driver-4.29.0.jar:/Users/adminjds/.m2/repository/com/google/auto/service/auto-service-annotations/1.1.1/auto-service-annotations-1.1.1.jar:/Users/adminjds/.m2/repository/org/seleniumhq/selenium/selenium-chromium-driver/4.29.0/selenium-chromium-driver-4.29.0.jar:/Users/adminjds/.m2/repository/org/seleniumhq/selenium/selenium-json/4.29.0/selenium-json-4.29.0.jar:/Users/adminjds/.m2/repository/org/seleniumhq/selenium/selenium-manager/4.29.0/selenium-manager-4.29.0.jar:/Users/adminjds/.m2/repository/org/seleniumhq/selenium/selenium-devtools-v131/4.29.0/selenium-devtools-v131-4.29.0.jar:/Users/adminjds/.m2/repository/org/seleniumhq/selenium/selenium-devtools-v132/4.29.0/selenium-devtools-v132-4.29.0.jar:/Users/adminjds/.m2/repository/org/seleniumhq/selenium/selenium-devtools-v133/4.29.0/selenium-devtools-v133-4.29.0.jar:/Users/adminjds/.m2/repository/org/seleniumhq/selenium/selenium-devtools-v85/4.29.0/selenium-devtools-v85-4.29.0.jar:/Users/adminjds/.m2/repository/org/seleniumhq/selenium/selenium-edge-driver/4.29.0/selenium-edge-driver-4.29.0.jar:/Users/adminjds/.m2/repository/org/seleniumhq/selenium/selenium-firefox-driver/4.29.0/selenium-firefox-driver-4.29.0.jar:/Users/adminjds/.m2/repository/org/seleniumhq/selenium/selenium-http/4.29.0/selenium-http-4.29.0.jar:/Users/adminjds/.m2/repository/org/seleniumhq/selenium/selenium-ie-driver/4.29.0/selenium-ie-driver-4.29.0.jar:/Users/adminjds/.m2/repository/org/seleniumhq/selenium/selenium-remote-driver/4.29.0/selenium-remote-driver-4.29.0.jar:/Users/adminjds/.m2/repository/com/google/guava/guava/33.4.0-jre/guava-33.4.0-jre.jar:/Users/adminjds/.m2/repository/com/google/guava/failureaccess/1.0.2/failureaccess-1.0.2.jar:/Users/adminjds/.m2/repository/com/google/guava/listenablefuture/9999.0-empty-to-avoid-conflict-with-guava/listenablefuture-9999.0-empty-to-avoid-conflict-with-guava.jar:/Users/adminjds/.m2/repository/com/google/code/findbugs/jsr305/3.0.2/jsr305-3.0.2.jar:/Users/adminjds/.m2/repository/org/checkerframework/checker-qual/3.43.0/checker-qual-3.43.0.jar:/Users/adminjds/.m2/repository/com/google/errorprone/error_prone_annotations/2.36.0/error_prone_annotations-2.36.0.jar:/Users/adminjds/.m2/repository/com/google/j2objc/j2objc-annotations/3.0.0/j2objc-annotations-3.0.0.jar:/Users/adminjds/.m2/repository/io/opentelemetry/semconv/opentelemetry-semconv/1.28.0-alpha/opentelemetry-semconv-1.28.0-alpha.jar:/Users/adminjds/.m2/repository/io/opentelemetry/opentelemetry-api/1.46.0/opentelemetry-api-1.46.0.jar:/Users/adminjds/.m2/repository/io/opentelemetry/opentelemetry-context/1.46.0/opentelemetry-context-1.46.0.jar:/Users/adminjds/.m2/repository/io/opentelemetry/opentelemetry-exporter-logging/1.46.0/opentelemetry-exporter-logging-1.46.0.jar:/Users/adminjds/.m2/repository/io/opentelemetry/opentelemetry-sdk-common/1.46.0/opentelemetry-sdk-common-1.46.0.jar:/Users/adminjds/.m2/repository/io/opentelemetry/opentelemetry-sdk-extension-autoconfigure-spi/1.46.0/opentelemetry-sdk-extension-autoconfigure-spi-1.46.0.jar:/Users/adminjds/.m2/repository/io/opentelemetry/opentelemetry-sdk-extension-autoconfigure/1.46.0/opentelemetry-sdk-extension-autoconfigure-1.46.0.jar:/Users/adminjds/.m2/repository/io/opentelemetry/opentelemetry-api-incubator/1.46.0-alpha/opentelemetry-api-incubator-1.46.0-alpha.jar:/Users/adminjds/.m2/repository/io/opentelemetry/opentelemetry-sdk-trace/1.46.0/opentelemetry-sdk-trace-1.46.0.jar:/Users/adminjds/.m2/repository/io/opentelemetry/opentelemetry-sdk/1.46.0/opentelemetry-sdk-1.46.0.jar:/Users/adminjds/.m2/repository/io/opentelemetry/opentelemetry-sdk-metrics/1.46.0/opentelemetry-sdk-metrics-1.46.0.jar:/Users/adminjds/.m2/repository/io/opentelemetry/opentelemetry-sdk-logs/1.46.0/opentelemetry-sdk-logs-1.46.0.jar:/Users/adminjds/.m2/repository/net/bytebuddy/byte-buddy/1.15.11/byte-buddy-1.15.11.jar:/Users/adminjds/.m2/repository/org/seleniumhq/selenium/selenium-os/4.29.0/selenium-os-4.29.0.jar:/Users/adminjds/.m2/repository/org/apache/commons/commons-exec/1.4.0/commons-exec-1.4.0.jar:/Users/adminjds/.m2/repository/org/seleniumhq/selenium/selenium-safari-driver/4.29.0/selenium-safari-driver-4.29.0.jar:/Users/adminjds/.m2/repository/org/seleniumhq/selenium/selenium-support/4.29.0/selenium-support-4.29.0.jar:/Users/adminjds/.m2/repository/io/github/bonigarcia/webdrivermanager/5.7.0/webdrivermanager-5.7.0.jar:/Users/adminjds/.m2/repository/org/slf4j/slf4j-api/2.0.12/slf4j-api-2.0.12.jar:/Users/adminjds/.m2/repository/com/google/code/gson/gson/2.10.1/gson-2.10.1.jar:/Users/adminjds/.m2/repository/com/github/docker-java/docker-java/3.3.5/docker-java-3.3.5.jar:/Users/adminjds/.m2/repository/com/github/docker-java/docker-java-core/3.3.5/docker-java-core-3.3.5.jar:/Users/adminjds/.m2/repository/com/github/docker-java/docker-java-api/3.3.5/docker-java-api-3.3.5.jar:/Users/adminjds/.m2/repository/com/fasterxml/jackson/core/jackson-annotations/2.10.3/jackson-annotations-2.10.3.jar:/Users/adminjds/.m2/repository/com/fasterxml/jackson/core/jackson-databind/2.10.3/jackson-databind-2.10.3.jar:/Users/adminjds/.m2/repository/com/fasterxml/jackson/core/jackson-core/2.10.3/jackson-core-2.10.3.jar:/Users/adminjds/.m2/repository/org/bouncycastle/bcpkix-jdk18on/1.76/bcpkix-jdk18on-1.76.jar:/Users/adminjds/.m2/repository/org/bouncycastle/bcprov-jdk18on/1.76/bcprov-jdk18on-1.76.jar:/Users/adminjds/.m2/repository/org/bouncycastle/bcutil-jdk18on/1.76/bcutil-jdk18on-1.76.jar:/Users/adminjds/.m2/repository/org/slf4j/jcl-over-slf4j/1.7.30/jcl-over-slf4j-1.7.30.jar:/Users/adminjds/.m2/repository/com/github/docker-java/docker-java-transport-httpclient5/3.3.5/docker-java-transport-httpclient5-3.3.5.jar:/Users/adminjds/.m2/repository/com/github/docker-java/docker-java-transport/3.3.5/docker-java-transport-3.3.5.jar:/Users/adminjds/.m2/repository/net/java/dev/jna/jna/5.13.0/jna-5.13.0.jar:/Users/adminjds/.m2/repository/org/brotli/dec/0.1.2/dec-0.1.2.jar:/Users/adminjds/.m2/repository/org/apache/commons/commons-lang3/3.14.0/commons-lang3-3.14.0.jar:/Users/adminjds/.m2/repository/org/apache/commons/commons-compress/1.26.0/commons-compress-1.26.0.jar:/Users/adminjds/.m2/repository/commons-io/commons-io/2.15.1/commons-io-2.15.1.jar:/Users/adminjds/.m2/repository/org/apache/httpcomponents/client5/httpclient5/5.2.1/httpclient5-5.2.1.jar:/Users/adminjds/.m2/repository/org/apache/httpcomponents/core5/httpcore5/5.2/httpcore5-5.2.jar:/Users/adminjds/.m2/repository/org/apache/httpcomponents/core5/httpcore5-h2/5.2/httpcore5-h2-5.2.jar:/Users/adminjds/.m2/repository/org/testng/testng/7.11.0/testng-7.11.0.jar:/Users/adminjds/.m2/repository/org/jcommander/jcommander/1.83/jcommander-1.83.jar:/Users/adminjds/.m2/repository/org/webjars/jquery/3.7.1/jquery-3.7.1.jar:/Users/adminjds/.m2/repository/io/cucumber/cucumber-java/7.21.1/cucumber-java-7.21.1.jar:/Users/adminjds/.m2/repository/org/apiguardian/apiguardian-api/1.1.2/apiguardian-api-1.1.2.jar:/Users/adminjds/.m2/repository/io/cucumber/cucumber-junit/7.21.1/cucumber-junit-7.21.1.jar:/Users/adminjds/.m2/repository/junit/junit/4.13.2/junit-4.13.2.jar:/Users/adminjds/.m2/repository/org/hamcrest/hamcrest-core/1.3/hamcrest-core-1.3.jar:/Users/adminjds/.m2/repository/io/cucumber/cucumber-core/7.21.1/cucumber-core-7.21.1.jar:/Users/adminjds/.m2/repository/io/cucumber/cucumber-gherkin/7.21.1/cucumber-gherkin-7.21.1.jar:/Users/adminjds/.m2/repository/io/cucumber/cucumber-gherkin-messages/7.21.1/cucumber-gherkin-messages-7.21.1.jar:/Users/adminjds/.m2/repository/io/cucumber/gherkin/31.0.0/gherkin-31.0.0.jar:/Users/adminjds/.m2/repository/io/cucumber/messages/27.2.0/messages-27.2.0.jar:/Users/adminjds/.m2/repository/io/cucumber/testng-xml-formatter/0.3.1/testng-xml-formatter-0.3.1.jar:/Users/adminjds/.m2/repository/io/cucumber/query/13.2.0/query-13.2.0.jar:/Users/adminjds/.m2/repository/io/cucumber/tag-expressions/6.1.2/tag-expressions-6.1.2.jar:/Users/adminjds/.m2/repository/io/cucumber/cucumber-expressions/18.0.1/cucumber-expressions-18.0.1.jar:/Users/adminjds/.m2/repository/io/cucumber/datatable/7.21.1/datatable-7.21.1.jar:/Users/adminjds/.m2/repository/io/cucumber/cucumber-plugin/7.21.1/cucumber-plugin-7.21.1.jar:/Users/adminjds/.m2/repository/io/cucumber/docstring/7.21.1/docstring-7.21.1.jar:/Users/adminjds/.m2/repository/io/cucumber/html-formatter/21.9.0/html-formatter-21.9.0.jar:/Users/adminjds/.m2/repository/io/cucumber/junit-xml-formatter/0.7.1/junit-xml-formatter-0.7.1.jar:/Users/adminjds/.m2/repository/io/cucumber/ci-environment/10.0.1/ci-environment-10.0.1.jar:/Users/adminjds/.m2/repository/io/cucumber/cucumber-testng/7.20.1/cucumber-testng-7.20.1.jar:"/>
    <property name="java.vm.vendor" value="Homebrew"/>
    <property name="sun.arch.data.model" value="64"/>
    <property name="java.vendor.url" value="https://github.com/Homebrew/homebrew-core/issues"/>
    <property name="os.name" value="Mac OS X"/>
    <property name="java.vm.specification.version" value="23"/>
    <property name="sun.java.launcher" value="SUN_STANDARD"/>
    <property name="user.country" value="ID"/>
    <property name="sun.boot.library.path" value="/usr/local/Cellar/openjdk/23.0.2/libexec/openjdk.jdk/Contents/Home/lib"/>
    <property name="sun.java.command" value="/Users/adminjds/afteroffice/webautomationprisma/target/surefire/surefirebooter14319053449915686021.jar /Users/adminjds/afteroffice/webautomationprisma/target/surefire 2025-03-15T20-12-34_359-jvmRun1 surefire7116129515185515106tmp surefire_017933259181991122235tmp"/>
    <property name="http.nonProxyHosts" value="local|*.local|169.254/16|*.169.254/16"/>
    <property name="jdk.debug" value="release"/>
    <property name="surefire.test.class.path" value="/Users/adminjds/afteroffice/webautomationprisma/target/test-classes:/Users/adminjds/afteroffice/webautomationprisma/target/classes:/Users/adminjds/.m2/repository/org/seleniumhq/selenium/selenium-java/4.29.0/selenium-java-4.29.0.jar:/Users/adminjds/.m2/repository/org/seleniumhq/selenium/selenium-api/4.29.0/selenium-api-4.29.0.jar:/Users/adminjds/.m2/repository/org/jspecify/jspecify/1.0.0/jspecify-1.0.0.jar:/Users/adminjds/.m2/repository/org/seleniumhq/selenium/selenium-chrome-driver/4.29.0/selenium-chrome-driver-4.29.0.jar:/Users/adminjds/.m2/repository/com/google/auto/service/auto-service-annotations/1.1.1/auto-service-annotations-1.1.1.jar:/Users/adminjds/.m2/repository/org/seleniumhq/selenium/selenium-chromium-driver/4.29.0/selenium-chromium-driver-4.29.0.jar:/Users/adminjds/.m2/repository/org/seleniumhq/selenium/selenium-json/4.29.0/selenium-json-4.29.0.jar:/Users/adminjds/.m2/repository/org/seleniumhq/selenium/selenium-manager/4.29.0/selenium-manager-4.29.0.jar:/Users/adminjds/.m2/repository/org/seleniumhq/selenium/selenium-devtools-v131/4.29.0/selenium-devtools-v131-4.29.0.jar:/Users/adminjds/.m2/repository/org/seleniumhq/selenium/selenium-devtools-v132/4.29.0/selenium-devtools-v132-4.29.0.jar:/Users/adminjds/.m2/repository/org/seleniumhq/selenium/selenium-devtools-v133/4.29.0/selenium-devtools-v133-4.29.0.jar:/Users/adminjds/.m2/repository/org/seleniumhq/selenium/selenium-devtools-v85/4.29.0/selenium-devtools-v85-4.29.0.jar:/Users/adminjds/.m2/repository/org/seleniumhq/selenium/selenium-edge-driver/4.29.0/selenium-edge-driver-4.29.0.jar:/Users/adminjds/.m2/repository/org/seleniumhq/selenium/selenium-firefox-driver/4.29.0/selenium-firefox-driver-4.29.0.jar:/Users/adminjds/.m2/repository/org/seleniumhq/selenium/selenium-http/4.29.0/selenium-http-4.29.0.jar:/Users/adminjds/.m2/repository/org/seleniumhq/selenium/selenium-ie-driver/4.29.0/selenium-ie-driver-4.29.0.jar:/Users/adminjds/.m2/repository/org/seleniumhq/selenium/selenium-remote-driver/4.29.0/selenium-remote-driver-4.29.0.jar:/Users/adminjds/.m2/repository/com/google/guava/guava/33.4.0-jre/guava-33.4.0-jre.jar:/Users/adminjds/.m2/repository/com/google/guava/failureaccess/1.0.2/failureaccess-1.0.2.jar:/Users/adminjds/.m2/repository/com/google/guava/listenablefuture/9999.0-empty-to-avoid-conflict-with-guava/listenablefuture-9999.0-empty-to-avoid-conflict-with-guava.jar:/Users/adminjds/.m2/repository/com/google/code/findbugs/jsr305/3.0.2/jsr305-3.0.2.jar:/Users/adminjds/.m2/repository/org/checkerframework/checker-qual/3.43.0/checker-qual-3.43.0.jar:/Users/adminjds/.m2/repository/com/google/errorprone/error_prone_annotations/2.36.0/error_prone_annotations-2.36.0.jar:/Users/adminjds/.m2/repository/com/google/j2objc/j2objc-annotations/3.0.0/j2objc-annotations-3.0.0.jar:/Users/adminjds/.m2/repository/io/opentelemetry/semconv/opentelemetry-semconv/1.28.0-alpha/opentelemetry-semconv-1.28.0-alpha.jar:/Users/adminjds/.m2/repository/io/opentelemetry/opentelemetry-api/1.46.0/opentelemetry-api-1.46.0.jar:/Users/adminjds/.m2/repository/io/opentelemetry/opentelemetry-context/1.46.0/opentelemetry-context-1.46.0.jar:/Users/adminjds/.m2/repository/io/opentelemetry/opentelemetry-exporter-logging/1.46.0/opentelemetry-exporter-logging-1.46.0.jar:/Users/adminjds/.m2/repository/io/opentelemetry/opentelemetry-sdk-common/1.46.0/opentelemetry-sdk-common-1.46.0.jar:/Users/adminjds/.m2/repository/io/opentelemetry/opentelemetry-sdk-extension-autoconfigure-spi/1.46.0/opentelemetry-sdk-extension-autoconfigure-spi-1.46.0.jar:/Users/adminjds/.m2/repository/io/opentelemetry/opentelemetry-sdk-extension-autoconfigure/1.46.0/opentelemetry-sdk-extension-autoconfigure-1.46.0.jar:/Users/adminjds/.m2/repository/io/opentelemetry/opentelemetry-api-incubator/1.46.0-alpha/opentelemetry-api-incubator-1.46.0-alpha.jar:/Users/adminjds/.m2/repository/io/opentelemetry/opentelemetry-sdk-trace/1.46.0/opentelemetry-sdk-trace-1.46.0.jar:/Users/adminjds/.m2/repository/io/opentelemetry/opentelemetry-sdk/1.46.0/opentelemetry-sdk-1.46.0.jar:/Users/adminjds/.m2/repository/io/opentelemetry/opentelemetry-sdk-metrics/1.46.0/opentelemetry-sdk-metrics-1.46.0.jar:/Users/adminjds/.m2/repository/io/opentelemetry/opentelemetry-sdk-logs/1.46.0/opentelemetry-sdk-logs-1.46.0.jar:/Users/adminjds/.m2/repository/net/bytebuddy/byte-buddy/1.15.11/byte-buddy-1.15.11.jar:/Users/adminjds/.m2/repository/org/seleniumhq/selenium/selenium-os/4.29.0/selenium-os-4.29.0.jar:/Users/adminjds/.m2/repository/org/apache/commons/commons-exec/1.4.0/commons-exec-1.4.0.jar:/Users/adminjds/.m2/repository/org/seleniumhq/selenium/selenium-safari-driver/4.29.0/selenium-safari-driver-4.29.0.jar:/Users/adminjds/.m2/repository/org/seleniumhq/selenium/selenium-support/4.29.0/selenium-support-4.29.0.jar:/Users/adminjds/.m2/repository/io/github/bonigarcia/webdrivermanager/5.7.0/webdrivermanager-5.7.0.jar:/Users/adminjds/.m2/repository/org/slf4j/slf4j-api/2.0.12/slf4j-api-2.0.12.jar:/Users/adminjds/.m2/repository/com/google/code/gson/gson/2.10.1/gson-2.10.1.jar:/Users/adminjds/.m2/repository/com/github/docker-java/docker-java/3.3.5/docker-java-3.3.5.jar:/Users/adminjds/.m2/repository/com/github/docker-java/docker-java-core/3.3.5/docker-java-core-3.3.5.jar:/Users/adminjds/.m2/repository/com/github/docker-java/docker-java-api/3.3.5/docker-java-api-3.3.5.jar:/Users/adminjds/.m2/repository/com/fasterxml/jackson/core/jackson-annotations/2.10.3/jackson-annotations-2.10.3.jar:/Users/adminjds/.m2/repository/com/fasterxml/jackson/core/jackson-databind/2.10.3/jackson-databind-2.10.3.jar:/Users/adminjds/.m2/repository/com/fasterxml/jackson/core/jackson-core/2.10.3/jackson-core-2.10.3.jar:/Users/adminjds/.m2/repository/org/bouncycastle/bcpkix-jdk18on/1.76/bcpkix-jdk18on-1.76.jar:/Users/adminjds/.m2/repository/org/bouncycastle/bcprov-jdk18on/1.76/bcprov-jdk18on-1.76.jar:/Users/adminjds/.m2/repository/org/bouncycastle/bcutil-jdk18on/1.76/bcutil-jdk18on-1.76.jar:/Users/adminjds/.m2/repository/org/slf4j/jcl-over-slf4j/1.7.30/jcl-over-slf4j-1.7.30.jar:/Users/adminjds/.m2/repository/com/github/docker-java/docker-java-transport-httpclient5/3.3.5/docker-java-transport-httpclient5-3.3.5.jar:/Users/adminjds/.m2/repository/com/github/docker-java/docker-java-transport/3.3.5/docker-java-transport-3.3.5.jar:/Users/adminjds/.m2/repository/net/java/dev/jna/jna/5.13.0/jna-5.13.0.jar:/Users/adminjds/.m2/repository/org/brotli/dec/0.1.2/dec-0.1.2.jar:/Users/adminjds/.m2/repository/org/apache/commons/commons-lang3/3.14.0/commons-lang3-3.14.0.jar:/Users/adminjds/.m2/repository/org/apache/commons/commons-compress/1.26.0/commons-compress-1.26.0.jar:/Users/adminjds/.m2/repository/commons-io/commons-io/2.15.1/commons-io-2.15.1.jar:/Users/adminjds/.m2/repository/org/apache/httpcomponents/client5/httpclient5/5.2.1/httpclient5-5.2.1.jar:/Users/adminjds/.m2/repository/org/apache/httpcomponents/core5/httpcore5/5.2/httpcore5-5.2.jar:/Users/adminjds/.m2/repository/org/apache/httpcomponents/core5/httpcore5-h2/5.2/httpcore5-h2-5.2.jar:/Users/adminjds/.m2/repository/org/testng/testng/7.11.0/testng-7.11.0.jar:/Users/adminjds/.m2/repository/org/jcommander/jcommander/1.83/jcommander-1.83.jar:/Users/adminjds/.m2/repository/org/webjars/jquery/3.7.1/jquery-3.7.1.jar:/Users/adminjds/.m2/repository/io/cucumber/cucumber-java/7.21.1/cucumber-java-7.21.1.jar:/Users/adminjds/.m2/repository/org/apiguardian/apiguardian-api/1.1.2/apiguardian-api-1.1.2.jar:/Users/adminjds/.m2/repository/io/cucumber/cucumber-junit/7.21.1/cucumber-junit-7.21.1.jar:/Users/adminjds/.m2/repository/junit/junit/4.13.2/junit-4.13.2.jar:/Users/adminjds/.m2/repository/org/hamcrest/hamcrest-core/1.3/hamcrest-core-1.3.jar:/Users/adminjds/.m2/repository/io/cucumber/cucumber-core/7.21.1/cucumber-core-7.21.1.jar:/Users/adminjds/.m2/repository/io/cucumber/cucumber-gherkin/7.21.1/cucumber-gherkin-7.21.1.jar:/Users/adminjds/.m2/repository/io/cucumber/cucumber-gherkin-messages/7.21.1/cucumber-gherkin-messages-7.21.1.jar:/Users/adminjds/.m2/repository/io/cucumber/gherkin/31.0.0/gherkin-31.0.0.jar:/Users/adminjds/.m2/repository/io/cucumber/messages/27.2.0/messages-27.2.0.jar:/Users/adminjds/.m2/repository/io/cucumber/testng-xml-formatter/0.3.1/testng-xml-formatter-0.3.1.jar:/Users/adminjds/.m2/repository/io/cucumber/query/13.2.0/query-13.2.0.jar:/Users/adminjds/.m2/repository/io/cucumber/tag-expressions/6.1.2/tag-expressions-6.1.2.jar:/Users/adminjds/.m2/repository/io/cucumber/cucumber-expressions/18.0.1/cucumber-expressions-18.0.1.jar:/Users/adminjds/.m2/repository/io/cucumber/datatable/7.21.1/datatable-7.21.1.jar:/Users/adminjds/.m2/repository/io/cucumber/cucumber-plugin/7.21.1/cucumber-plugin-7.21.1.jar:/Users/adminjds/.m2/repository/io/cucumber/docstring/7.21.1/docstring-7.21.1.jar:/Users/adminjds/.m2/repository/io/cucumber/html-formatter/21.9.0/html-formatter-21.9.0.jar:/Users/adminjds/.m2/repository/io/cucumber/junit-xml-formatter/0.7.1/junit-xml-formatter-0.7.1.jar:/Users/adminjds/.m2/repository/io/cucumber/ci-environment/10.0.1/ci-environment-10.0.1.jar:/Users/adminjds/.m2/repository/io/cucumber/cucumber-testng/7.20.1/cucumber-testng-7.20.1.jar:"/>
    <property name="sun.cpu.endian" value="little"/>
    <property name="user.home" value="/Users/adminjds"/>
    <property name="user.language" value="en"/>
    <property name="java.specification.vendor" value="Oracle Corporation"/>
    <property name="java.version.date" value="2025-01-21"/>
    <property name="java.home" value="/usr/local/Cellar/openjdk/23.0.2/libexec/openjdk.jdk/Contents/Home"/>
    <property name="file.separator" value="/"/>
    <property name="basedir" value="/Users/adminjds/afteroffice/webautomationprisma"/>
    <property name="java.vm.compressedOopsMode" value="Zero based"/>
    <property name="line.separator" value="&#10;"/>
    <property name="java.vm.specification.vendor" value="Oracle Corporation"/>
    <property name="java.specification.name" value="Java Platform API Specification"/>
    <property name="apple.awt.application.name" value="ForkedBooter"/>
    <property name="surefire.real.class.path" value="/Users/adminjds/afteroffice/webautomationprisma/target/surefire/surefirebooter14319053449915686021.jar"/>
    <property name="sun.management.compiler" value="HotSpot 64-Bit Tiered Compilers"/>
    <property name="ftp.nonProxyHosts" value="local|*.local|169.254/16|*.169.254/16"/>
    <property name="java.runtime.version" value="23.0.2"/>
    <property name="user.name" value="adminjds"/>
    <property name="stdout.encoding" value="UTF-8"/>
    <property name="path.separator" value=":"/>
    <property name="os.version" value="13.7.4"/>
    <property name="java.runtime.name" value="OpenJDK Runtime Environment"/>
    <property name="file.encoding" value="UTF-8"/>
    <property name="java.vm.name" value="OpenJDK 64-Bit Server VM"/>
    <property name="java.vendor.version" value="Homebrew"/>
    <property name="localRepository" value="/Users/adminjds/.m2/repository"/>
    <property name="java.vendor.url.bug" value="https://github.com/Homebrew/homebrew-core/issues"/>
    <property name="java.io.tmpdir" value="/var/folders/hj/7k5gx0cs4qv80fl8f4g7h9b40000gn/T/"/>
    <property name="java.version" value="23.0.2"/>
    <property name="user.dir" value="/Users/adminjds/afteroffice/webautomationprisma"/>
    <property name="os.arch" value="x86_64"/>
    <property name="java.vm.specification.name" value="Java Virtual Machine Specification"/>
    <property name="native.encoding" value="UTF-8"/>
    <property name="java.library.path" value="/Users/adminjds/Library/Java/Extensions:/Library/Java/Extensions:/Network/Library/Java/Extensions:/System/Library/Java/Extensions:/usr/lib/java:."/>
    <property name="java.vm.info" value="mixed mode, sharing"/>
    <property name="stderr.encoding" value="UTF-8"/>
    <property name="java.vendor" value="Homebrew"/>
    <property name="java.vm.version" value="23.0.2"/>
    <property name="sun.io.unicode.encoding" value="UnicodeBig"/>
    <property name="socksNonProxyHosts" value="local|*.local|169.254/16|*.169.254/16"/>
    <property name="java.class.version" value="67.0"/>
  </properties>
  <testcase name="createOrder" classname="automation.StandAloneTesNGImpl2Test" time="0.029">
    <failure message="Cannot invoke &quot;org.openqa.selenium.WebDriver.findElement(org.openqa.selenium.By)&quot; because &quot;driver&quot; is null" type="java.lang.NullPointerException">java.lang.NullPointerException: Cannot invoke "org.openqa.selenium.WebDriver.findElement(org.openqa.selenium.By)" because "driver" is null
	at automation.StandAloneTesNGImpl2Test.createOrder(StandAloneTesNGImpl2Test.java:48)
</failure>
    <system-err><![CDATA[SLF4J(W): No SLF4J providers were found.
SLF4J(W): Defaulting to no-operation (NOP) logger implementation
SLF4J(W): See https://www.slf4j.org/codes.html#noProviders for further details.
Mar 15, 2025 8:12:44 PM org.openqa.selenium.devtools.CdpVersionFinder findNearestMatch
WARNING: Unable to find an exact match for CDP version 134, returning the closest version; found: 133; Please update to a Selenium version that supports CDP version 134
]]></system-err>
  </testcase>
  <testcase name="tearDown" classname="automation.StandAloneTesNGImpl2Test" time="0.03">
    <failure message="Cannot invoke &quot;org.openqa.selenium.WebDriver.close()&quot; because &quot;this.driver&quot; is null" type="java.lang.NullPointerException">java.lang.NullPointerException: Cannot invoke "org.openqa.selenium.WebDriver.close()" because "this.driver" is null
	at automation.StandAloneTesNGImpl2Test.tearDown(StandAloneTesNGImpl2Test.java:130)
</failure>
  </testcase>
  <testcase name="setUp" classname="automation.StandAloneTesNGImplTest" time="3.882">
    <failure message="no such window: target window already closed&#10;from unknown error: web view not found&#10;  (Session info: chrome=134.0.6998.89)&#10;Build info: version: &apos;4.29.0&apos;, revision: &apos;5fc1ec94cb&apos;&#10;System info: os.name: &apos;Mac OS X&apos;, os.arch: &apos;x86_64&apos;, os.version: &apos;13.7.4&apos;, java.version: &apos;23.0.2&apos;&#10;Driver info: org.openqa.selenium.chrome.ChromeDriver&#10;Command: [ec09cea18df8f24b53bbd3e1ecf6b017, maximizeCurrentWindow {}]&#10;Capabilities {acceptInsecureCerts: false, browserName: chrome, browserVersion: 134.0.6998.89, chrome: {chromedriverVersion: 134.0.6998.88 (7e3d5c978c6d..., userDataDir: /var/folders/hj/7k5gx0cs4qv...}, fedcm:accounts: true, goog:chromeOptions: {debuggerAddress: localhost:54994}, networkConnectionEnabled: false, pageLoadStrategy: normal, platformName: mac, proxy: Proxy(), se:cdp: ws://localhost:54994/devtoo..., se:cdpVersion: 134.0.6998.89, setWindowRect: true, strictFileInteractability: false, timeouts: {implicit: 0, pageLoad: 300000, script: 30000}, unhandledPromptBehavior: dismiss and notify, webauthn:extension:credBlob: true, webauthn:extension:largeBlob: true, webauthn:extension:minPinLength: true, webauthn:extension:prf: true, webauthn:virtualAuthenticators: true}&#10;Session ID: ec09cea18df8f24b53bbd3e1ecf6b017" type="org.openqa.selenium.NoSuchWindowException">org.openqa.selenium.NoSuchWindowException: 
no such window: target window already closed
from unknown error: web view not found
  (Session info: chrome=134.0.6998.89)
Build info: version: '4.29.0', revision: '5fc1ec94cb'
System info: os.name: 'Mac OS X', os.arch: 'x86_64', os.version: '13.7.4', java.version: '23.0.2'
Driver info: org.openqa.selenium.chrome.ChromeDriver
Command: [ec09cea18df8f24b53bbd3e1ecf6b017, maximizeCurrentWindow {}]
Capabilities {acceptInsecureCerts: false, browserName: chrome, browserVersion: 134.0.6998.89, chrome: {chromedriverVersion: 134.0.6998.88 (7e3d5c978c6d..., userDataDir: /var/folders/hj/7k5gx0cs4qv...}, fedcm:accounts: true, goog:chromeOptions: {debuggerAddress: localhost:54994}, networkConnectionEnabled: false, pageLoadStrategy: normal, platformName: mac, proxy: Proxy(), se:cdp: ws://localhost:54994/devtoo..., se:cdpVersion: 134.0.6998.89, setWindowRect: true, strictFileInteractability: false, timeouts: {implicit: 0, pageLoad: 300000, script: 30000}, unhandledPromptBehavior: dismiss and notify, webauthn:extension:credBlob: true, webauthn:extension:largeBlob: true, webauthn:extension:minPinLength: true, webauthn:extension:prf: true, webauthn:virtualAuthenticators: true}
Session ID: ec09cea18df8f24b53bbd3e1ecf6b017
	at automation.StandAloneTesNGImplTest.setUp(StandAloneTesNGImplTest.java:39)
</failure>
    <system-err><![CDATA[Mar 15, 2025 8:13:29 PM org.openqa.selenium.devtools.CdpVersionFinder findNearestMatch
WARNING: Unable to find an exact match for CDP version 134, returning the closest version; found: 133; Please update to a Selenium version that supports CDP version 134
]]></system-err>
  </testcase>
  <testcase name="createOrder" classname="automation.StandAloneTesNGImplTest" time="0">
    <skipped message="no such window: target window already closed&#10;from unknown error: web view not found&#10;  (Session info: chrome=134.0.6998.89)&#10;Build info: version: &apos;4.29.0&apos;, revision: &apos;5fc1ec94cb&apos;&#10;System info: os.name: &apos;Mac OS X&apos;, os.arch: &apos;x86_64&apos;, os.version: &apos;13.7.4&apos;, java.version: &apos;23.0.2&apos;&#10;Driver info: org.openqa.selenium.chrome.ChromeDriver&#10;Command: [ec09cea18df8f24b53bbd3e1ecf6b017, maximizeCurrentWindow {}]&#10;Capabilities {acceptInsecureCerts: false, browserName: chrome, browserVersion: 134.0.6998.89, chrome: {chromedriverVersion: 134.0.6998.88 (7e3d5c978c6d..., userDataDir: /var/folders/hj/7k5gx0cs4qv...}, fedcm:accounts: true, goog:chromeOptions: {debuggerAddress: localhost:54994}, networkConnectionEnabled: false, pageLoadStrategy: normal, platformName: mac, proxy: Proxy(), se:cdp: ws://localhost:54994/devtoo..., se:cdpVersion: 134.0.6998.89, setWindowRect: true, strictFileInteractability: false, timeouts: {implicit: 0, pageLoad: 300000, script: 30000}, unhandledPromptBehavior: dismiss and notify, webauthn:extension:credBlob: true, webauthn:extension:largeBlob: true, webauthn:extension:minPinLength: true, webauthn:extension:prf: true, webauthn:virtualAuthenticators: true}&#10;Session ID: ec09cea18df8f24b53bbd3e1ecf6b017"/>
  </testcase>
  <testcase name="tearDown" classname="automation.StandAloneTesNGImplTest" time="0">
    <skipped/>
  </testcase>
</testsuite>