<?xml version="1.0" encoding="UTF-8"?>
<!-- Generated by org.testng.reporters.JUnitReportReporter -->
<testsuite hostname="Admins-MacBook-Pro.local" failures="0" tests="1" name="automation.StandAloneTesNGImplTest" time="20.214" errors="0" timestamp="2025-03-15T14:28:40 WIB" skipped="0">
  <testcase classname="automation.StandAloneTesNGImplTest" name="createOrder" time="20.214"/>
</testsuite> <!-- automation.StandAloneTesNGImplTest -->
